
          -------------------------------------------------------
          Amber 22 SANDER                              2022
          -------------------------------------------------------

| Run on 06/12/2025 at 03:05:56

|   Executable path: sander
| Working directory: /mnt/c/Users/mehr/Documents/md_project/alanine_md_2
|          Hostname: Unknown
  [-O]verwriting output

File Assignments:
|  MDIN: 01_Min.in                                                             
| MDOUT: 01_Min.out                                                            
|INPCRD: rst7                                                                  
|  PARM: parm7                                                                 
|RESTRT: 01_Min.ncrst                                                          
|  REFC: refc                                                                  
| MDVEL: mdvel                                                                 
| MDFRC: mdfrc                                                                 
|  MDEN: mden                                                                  
| MDCRD: mdcrd                                                                 
|MDINFO: 01_Min.mdinfo                                                         
|  MTMD: mtmd                                                                  
|INPDIP: inpdip                                                                
|RSTDIP: rstdip                                                                
|INPTRA: inptraj                                                               


 Here is the input file:

Minimize                                                                       
&cntrl                                                                         
 imin=1, ntx=1, irest=0,                                                       
 maxcyc=2000, ncyc=1000,                                                       
 ntpr=100, ntwx=0,                                                             
 cut=8.0,                                                                      
/                                                                              

--------------------------------------------------------------------------------
   1.  RESOURCE   USE: 
--------------------------------------------------------------------------------

| Flags:                                                                        
 getting new box info from bottom of inpcrd
|  INFO: Old style inpcrd file read

| peek_ewald_inpcrd: Box info found
|Largest sphere to fit in unit cell has radius =    13.132
| New format PARM file being parsed.
| Version =    1.000 Date = 06/12/25 Time = 03:05:54
 NATOM  =    2101 NTYPES =       9 NBONH =    2091 MBONA  =       9
 NTHETH =      25 MTHETA =      11 NPHIH =      43 MPHIA  =      24
 NHPARM =       0 NPARM  =       0 NNB   =    2871 NRES   =     696
 NBONA  =       9 NTHETA =      11 NPHIA =      24 NUMBND =      13
 NUMANG =      21 NPTRA  =      14 NATYP =      10 NPHB   =       0
 IFBOX  =       2 NMXRS  =      10 IFCAP =       0 NEXTRA =       0
 NCOPY  =       0

| CMAP information read from topology file: 

|     Memory Use     Allocated
|     Real              950612
|     Hollerith           7001
|     Integer            71004
|     Max Pairs         700333
|     nblistReal         25212
|     nblist Int         80261
|       Total            10977 kbytes

| Note: 1-4 EEL scale factors are being read from the topology file.

| Note: 1-4 VDW scale factors are being read from the topology file.
| Duplicated    0 dihedrals
| Duplicated    0 dihedrals
|CMAP: Reticulating splines.

     BOX TYPE: TRUNCATED OCTAHEDRON

--------------------------------------------------------------------------------
   2.  CONTROL  DATA  FOR  THE  RUN
--------------------------------------------------------------------------------

ACE                                                                             

General flags:
     imin    =       1, nmropt  =       0

Nature and format of input:
     ntx     =       1, irest   =       0, ntrx    =       1

Nature and format of output:
     ntxo    =       2, ntpr    =     100, ntrx    =       1, ntwr    =       1
     iwrap   =       0, ntwx    =       0, ntwv    =       0, ntwe    =       0
     ioutfm  =       1, ntwprt  =       0, idecomp =       0, rbornstat=      0

Potential function:
     ntf     =       1, ntb     =       1, igb     =       0, nsnb    =      25
     ipol    =       0, gbsa    =       0, iesp    =       0
     dielc   =   1.00000, cut     =   8.00000, intdiel =   1.00000

Frozen or restrained atoms:
     ibelly  =       0, ntr     =       0

Energy minimization:
     maxcyc  =    2000, ncyc    =    1000, ntmin   =       1
     dx0     =   0.01000, drms    =   0.00010

Ewald parameters:
     verbose =       0, ew_type =       0, nbflag  =       1, use_pme =       1
     vdwmeth =       1, eedmeth =       1, netfrc  =       0
     Box X =   32.168   Box Y =   32.168   Box Z =   32.168
     Alpha =  109.471   Beta  =  109.471   Gamma =  109.471
     NFFT1 =   32       NFFT2 =   32       NFFT3 =   32
     Cutoff=    8.000   Tol   =0.100E-04
     Ewald Coefficient =  0.34864
     Interpolation order =    4

--------------------------------------------------------------------------------
   3.  ATOMIC COORDINATES AND VELOCITIES
--------------------------------------------------------------------------------

ACE                                                                             
 begin time read from input coords =     0.000 ps

 Number of triangulated 3-point waters found:      693

     Sum of charges from parm topology file =  -0.00000000
     Forcing neutrality...

--------------------------------------------------------------------------------
   4.  RESULTS
--------------------------------------------------------------------------------

 ---------------------------------------------------
 APPROXIMATING switch and d/dx switch using CUBIC SPLINE INTERPOLATION
 using   5000.0 points per unit in tabled values
 TESTING RELATIVE ERROR over r ranging from 0.0 to cutoff
| CHECK switch(x): max rel err =   0.2738E-14   at   2.422500
| CHECK d/dx switch(x): max rel err =   0.8332E-11   at   2.782960
 ---------------------------------------------------
| Local SIZE OF NONBOND LIST =     359949
| TOTAL SIZE OF NONBOND LIST =     359949


   NSTEP       ENERGY          RMS            GMAX         NAME    NUMBER
      1      -5.6935E+03     1.2214E+01     1.0415E+02     O          23

 BOND    =        0.0540  ANGLE   =        0.3620  DIHED      =        2.3903
 VDWAALS =      711.0740  EEL     =    -6460.9417  HBOND      =        0.0000
 1-4 VDW =        5.0157  1-4 EEL =       48.9355  RESTRAINT  =        0.0000
 CMAP    =       -0.4049


   NSTEP       ENERGY          RMS            GMAX         NAME    NUMBER
    100      -7.1636E+03     1.2536E+00     5.6371E+00     H1       1587

 BOND    =      401.0240  ANGLE   =        1.0375  DIHED      =        2.6149
 VDWAALS =      758.5051  EEL     =    -8375.5661  HBOND      =        0.0000
 1-4 VDW =        3.0911  1-4 EEL =       46.2268  RESTRAINT  =        0.0000
 CMAP    =       -0.5594


   NSTEP       ENERGY          RMS            GMAX         NAME    NUMBER
    200      -7.4261E+03     2.0649E+00     9.0679E+00     H2        124

 BOND    =      493.3343  ANGLE   =        1.0178  DIHED      =        2.5871
 VDWAALS =      891.2207  EEL     =    -8862.9014  HBOND      =        0.0000
 1-4 VDW =        3.0786  1-4 EEL =       46.1640  RESTRAINT  =        0.0000
 CMAP    =       -0.5737


   NSTEP       ENERGY          RMS            GMAX         NAME    NUMBER
    300      -7.5763E+03     1.6262E+00     7.8408E+00     H2        124

 BOND    =      454.7329  ANGLE   =        0.9743  DIHED      =        2.5777
 VDWAALS =      996.0602  EEL     =    -9079.2874  HBOND      =        0.0000
 1-4 VDW =        3.0835  1-4 EEL =       46.0979  RESTRAINT  =        0.0000
 CMAP    =       -0.5473


   NSTEP       ENERGY          RMS            GMAX         NAME    NUMBER
    400      -7.6816E+03     1.3903E+00     7.2102E+00     H2        124

 BOND    =      525.1243  ANGLE   =        0.9984  DIHED      =        2.5860
 VDWAALS =     1078.2403  EEL     =    -9337.1177  HBOND      =        0.0000
 1-4 VDW =        3.0526  1-4 EEL =       46.0140  RESTRAINT  =        0.0000
 CMAP    =       -0.5266


   NSTEP       ENERGY          RMS            GMAX         NAME    NUMBER
    500      -7.7633E+03     1.1701E+00     6.1352E+00     H2        124

 BOND    =      495.9070  ANGLE   =        0.9862  DIHED      =        2.6051
 VDWAALS =     1144.1749  EEL     =    -9455.4439  HBOND      =        0.0000
 1-4 VDW =        3.0370  1-4 EEL =       45.9161  RESTRAINT  =        0.0000
 CMAP    =       -0.5122


   NSTEP       ENERGY          RMS            GMAX         NAME    NUMBER
    600      -7.8304E+03     1.0687E+00     7.8728E+00     C           5

 BOND    =      546.3687  ANGLE   =        1.0211  DIHED      =        2.6238
 VDWAALS =     1198.5352  EEL     =    -9627.2946  HBOND      =        0.0000
 1-4 VDW =        2.9930  1-4 EEL =       45.8508  RESTRAINT  =        0.0000
 CMAP    =       -0.5041


   NSTEP       ENERGY          RMS            GMAX         NAME    NUMBER
    700      -7.8853E+03     8.5041E-01     1.0979E+01     C           5

 BOND    =      524.6998  ANGLE   =        1.0041  DIHED      =        2.6439
 VDWAALS =     1246.3990  EEL     =    -9708.3236  HBOND      =        0.0000
 1-4 VDW =        2.9962  1-4 EEL =       45.7739  RESTRAINT  =        0.0000
 CMAP    =       -0.4991


   NSTEP       ENERGY          RMS            GMAX         NAME    NUMBER
    800      -7.9287E+03     7.4707E-01     1.6404E+01     C           5

 BOND    =      558.0560  ANGLE   =        1.0385  DIHED      =        2.6526
 VDWAALS =     1287.5138  EEL     =    -9826.1984  HBOND      =        0.0000
 1-4 VDW =        2.9425  1-4 EEL =       45.7708  RESTRAINT  =        0.0000
 CMAP    =       -0.4999


   NSTEP       ENERGY          RMS            GMAX         NAME    NUMBER
    900      -7.9666E+03     3.6304E-01     8.3360E+00     C           5

 BOND    =      552.3403  ANGLE   =        1.0012  DIHED      =        2.6601
 VDWAALS =     1322.6025  EEL     =    -9893.3637  HBOND      =        0.0000
 1-4 VDW =        2.9586  1-4 EEL =       45.7214  RESTRAINT  =        0.0000
 CMAP    =       -0.4971


   NSTEP       ENERGY          RMS            GMAX         NAME    NUMBER
   1000      -8.0003E+03     5.1480E-01     1.7910E+01     C           5

 BOND    =      563.9085  ANGLE   =        1.0259  DIHED      =        2.6548
 VDWAALS =     1352.7089  EEL     =    -9968.7689  HBOND      =        0.0000
 1-4 VDW =        2.9150  1-4 EEL =       45.7519  RESTRAINT  =        0.0000
 CMAP    =       -0.4975


   NSTEP       ENERGY          RMS            GMAX         NAME    NUMBER
   1100      -8.1977E+03     7.6402E-01     1.5610E+01     O           6

 BOND    =      603.8667  ANGLE   =        1.3889  DIHED      =        2.6298
 VDWAALS =     1500.0399  EEL     =   -10353.6480  HBOND      =        0.0000
 1-4 VDW =        3.0931  1-4 EEL =       45.3993  RESTRAINT  =        0.0000
 CMAP    =       -0.4939


   NSTEP       ENERGY          RMS            GMAX         NAME    NUMBER
   1200      -8.2950E+03     4.1865E-01     1.0474E+01     C          19

 BOND    =      619.9855  ANGLE   =        0.9037  DIHED      =        2.5293
 VDWAALS =     1571.6961  EEL     =   -10538.4056  HBOND      =        0.0000
 1-4 VDW =        2.9820  1-4 EEL =       45.7988  RESTRAINT  =        0.0000
 CMAP    =       -0.5005


   NSTEP       ENERGY          RMS            GMAX         NAME    NUMBER
   1300      -8.3474E+03     3.5928E-01     6.3088E+00     CB         11

 BOND    =      628.5789  ANGLE   =        0.9204  DIHED      =        2.5196
 VDWAALS =     1601.9969  EEL     =   -10629.7948  HBOND      =        0.0000
 1-4 VDW =        2.9999  1-4 EEL =       45.9248  RESTRAINT  =        0.0000
 CMAP    =       -0.5130


   NSTEP       ENERGY          RMS            GMAX         NAME    NUMBER
   1400      -8.3904E+03     4.6697E-01     7.4040E+00     C          15

 BOND    =      636.3632  ANGLE   =        0.8371  DIHED      =        2.5060
 VDWAALS =     1646.8748  EEL     =   -10725.3390  HBOND      =        0.0000
 1-4 VDW =        2.8582  1-4 EEL =       46.0567  RESTRAINT  =        0.0000
 CMAP    =       -0.5193


   NSTEP       ENERGY          RMS            GMAX         NAME    NUMBER
   1500      -8.4189E+03     5.2283E-01     1.0288E+01     H2       1744

 BOND    =      641.8003  ANGLE   =        0.8035  DIHED      =        2.5041
 VDWAALS =     1664.0940  EEL     =   -10776.5086  HBOND      =        0.0000
 1-4 VDW =        2.8152  1-4 EEL =       46.0703  RESTRAINT  =        0.0000
 CMAP    =       -0.5253


   NSTEP       ENERGY          RMS            GMAX         NAME    NUMBER
   1600      -8.4460E+03     3.6672E-01     7.2011E+00     H2       1744

 BOND    =      646.0775  ANGLE   =        0.7887  DIHED      =        2.4963
 VDWAALS =     1679.6821  EEL     =   -10823.4624  HBOND      =        0.0000
 1-4 VDW =        2.8071  1-4 EEL =       46.1206  RESTRAINT  =        0.0000
 CMAP    =       -0.5317


   NSTEP       ENERGY          RMS            GMAX         NAME    NUMBER
   1700      -8.4682E+03     5.8627E-01     8.0510E+00     C          15

 BOND    =      650.0516  ANGLE   =        0.9048  DIHED      =        2.4909
 VDWAALS =     1696.3191  EEL     =   -10866.4012  HBOND      =        0.0000
 1-4 VDW =        2.7722  1-4 EEL =       46.1875  RESTRAINT  =        0.0000
 CMAP    =       -0.5359


   NSTEP       ENERGY          RMS            GMAX         NAME    NUMBER
   1800      -8.4884E+03     6.6790E-01     8.5560E+00     O        1742

 BOND    =      652.6831  ANGLE   =        0.9353  DIHED      =        2.4804
 VDWAALS =     1707.9552  EEL     =   -10900.8478  HBOND      =        0.0000
 1-4 VDW =        2.7877  1-4 EEL =       46.1898  RESTRAINT  =        0.0000
 CMAP    =       -0.5377


   NSTEP       ENERGY          RMS            GMAX         NAME    NUMBER
   1900      -8.5053E+03     4.8669E-01     7.5101E+00     H3         22

 BOND    =      654.4569  ANGLE   =        0.9571  DIHED      =        2.4655
 VDWAALS =     1716.2395  EEL     =   -10927.8636  HBOND      =        0.0000
 1-4 VDW =        2.8191  1-4 EEL =       46.1893  RESTRAINT  =        0.0000
 CMAP    =       -0.5390


   NSTEP       ENERGY          RMS            GMAX         NAME    NUMBER
   2000      -8.5203E+03     4.5309E-01     8.7618E+00     C          15

 BOND    =      657.1144  ANGLE   =        0.9612  DIHED      =        2.4532
 VDWAALS =     1727.9623  EEL     =   -10957.3171  HBOND      =        0.0000
 1-4 VDW =        2.8324  1-4 EEL =       46.1962  RESTRAINT  =        0.0000
 CMAP    =       -0.5388


  Maximum number of minimization cycles reached.


                    FINAL RESULTS



   NSTEP       ENERGY          RMS            GMAX         NAME    NUMBER
   2000      -8.5203E+03     4.5309E-01     8.7618E+00     C          15

 BOND    =      657.1144  ANGLE   =        0.9612  DIHED      =        2.4532
 VDWAALS =     1727.9623  EEL     =   -10957.3171  HBOND      =        0.0000
 1-4 VDW =        2.8324  1-4 EEL =       46.1962  RESTRAINT  =        0.0000
 CMAP    =       -0.5388

--------------------------------------------------------------------------------
   5.  TIMINGS
--------------------------------------------------------------------------------

|    Read coords time           0.03 ( 0.05% of Total)
|                Build the list             0.12 (83.97% of List )
|                Other                      0.02 (16.03% of List )
|             List time                  0.15 ( 0.76% of Nonbo)
|                   Short_ene time            14.65 (98.86% of Direc)
|                   Other                      0.17 ( 1.14% of Direc)
|                Direct Ewald time         14.82 (75.94% of Ewald)
|                Adjust Ewald time          0.12 ( 0.64% of Ewald)
|                Self Ewald time            0.00 ( 0.02% of Ewald)
|                   Fill Bspline coeffs        0.21 ( 4.54% of Recip)
|                   Fill charge grid           0.47 (10.41% of Recip)
|                   Scalar sum                 1.60 (35.29% of Recip)
|                   Grad sum                   0.89 (19.69% of Recip)
|                   FFT time                   1.36 (29.97% of Recip)
|                   Other                      0.00 ( 0.10% of Recip)
|                Recip Ewald time           4.54 (23.27% of Ewald)
|                Virial junk                0.01 ( 0.08% of Ewald)
|                Other                      0.01 ( 0.05% of Ewald)
|             Ewald time                19.51 (99.23% of Nonbo)
|             Other                      0.00 ( 0.01% of Nonbo)
|          Nonbond force             19.66 (99.36% of Force)
|          Bond/Angle/Dihedral        0.11 ( 0.57% of Force)
|          Other                      0.01 ( 0.07% of Force)
|       Force time                19.79 (100.0% of Runmd)
|    Runmd Time                19.79 (36.30% of Total)
|    Other                     34.70 (63.64% of Total)
| Total time                54.52 (100.0% of ALL  )

| Number of list builds   :          8

| Highest rstack allocated:     134125
| Highest istack allocated:       2101
|           Job began  at 03:05:56.061  on 06/12/2025
|           Setup done at 03:05:56.281  on 06/12/2025
|           Run   done at 03:06:50.581  on 06/12/2025
|     wallclock() was called   76064 times

|3D-RISM memory allocation summary
|Type          Maximum        Current   
|Integer       0.00000 GB     0.00000 GB
|Real          0.00000 GB     0.00000 GB
|Logical       0.00000 GB     0.00000 GB
|Character     0.00000 GB     0.00000 GB
|---------------------------------------
|Total         0.00000 GB     0.00000 GB
