Running: wsl bash -c "mkdir -p '/mnt/c/Users/mehr/Documents/md_project/alanine_md_2' && cd '/mnt/c/Users/mehr/Documents/md_project/alanine_md_2' && source ~/miniconda3/etc/profile.d/conda.sh && conda activate AmberTools25 && tleap -f tleap.in"
-I: Adding /home/m/miniconda3/envs/AmberTools25/dat/leap/prep to search path.
-I: Adding /home/m/miniconda3/envs/AmberTools25/dat/leap/lib to search path.
-I: Adding /home/m/miniconda3/envs/AmberTools25/dat/leap/parm to search path.
-I: Adding /home/m/miniconda3/envs/AmberTools25/dat/leap/cmd to search path.
-f: Source tleap.in.

Welcome to LEaP!
(no leaprc in search path)
Sourcing: ./tleap.in
----- Source: /home/m/miniconda3/envs/AmberTools25/dat/leap/cmd/leaprc.protein.ff19SB
----- Source of /home/m/miniconda3/envs/AmberTools25/dat/leap/cmd/leaprc.protein.ff19SB done
Log file: ./leap.log
Loading parameters: /home/m/miniconda3/envs/AmberTools25/dat/leap/parm/parm19.dat
Reading title:
PARM99 + frcmod.ff99SB + frcmod.parmbsc0 + OL3 for RNA + ff19SB
Loading parameters: /home/m/miniconda3/envs/AmberTools25/dat/leap/parm/frcmod.ff19SB
Reading force field modification type file (frcmod)
Reading title:
ff19SB AA-specific backbone CMAPs for protein 07/25/2019
Loading library: /home/m/miniconda3/envs/AmberTools25/dat/leap/lib/amino19.lib
Loading library: /home/m/miniconda3/envs/AmberTools25/dat/leap/lib/aminoct12.lib
Loading library: /home/m/miniconda3/envs/AmberTools25/dat/leap/lib/aminont12.lib
----- Source: /home/m/miniconda3/envs/AmberTools25/dat/leap/cmd/leaprc.water.tip3p
----- Source of /home/m/miniconda3/envs/AmberTools25/dat/leap/cmd/leaprc.water.tip3p done
Loading library: /home/m/miniconda3/envs/AmberTools25/dat/leap/lib/atomic_ions.lib
Loading library: /home/m/miniconda3/envs/AmberTools25/dat/leap/lib/solvents.lib
Loading parameters: /home/m/miniconda3/envs/AmberTools25/dat/leap/parm/frcmod.tip3p
Reading force field modification type file (frcmod)
Reading title:
This is the additional/replacement parameter set for TIP3P water
Loading parameters: /home/m/miniconda3/envs/AmberTools25/dat/leap/parm/frcmod.ions1lm_126_tip3p
Reading force field modification type file (frcmod)
Reading title:
Li/Merz ion parameters of monovalent ions for TIP3P water model (12-6 normal usage set)
Loading parameters: /home/m/miniconda3/envs/AmberTools25/dat/leap/parm/frcmod.ionsjc_tip3p
Reading force field modification type file (frcmod)
Reading title:
Monovalent ion parameters for Ewald and TIP3P water from Joung & Cheatham JPCB (2008)
Loading parameters: /home/m/miniconda3/envs/AmberTools25/dat/leap/parm/frcmod.ions234lm_126_tip3p
Reading force field modification type file (frcmod)
Reading title:
Li/Merz ion parameters of divalent to tetravalent ions for TIP3P water model (12-6 normal usage set)
Scaling up box by a factor of 1.223419 to meet diagonal cut criterion
  Solute vdw bounding box:              7.063 11.676 5.818
  Total bounding box for atom centers:  36.144 36.144 36.144
      (box expansion for 'iso' is  36.8%)
  Solvent unit box:                     18.774 18.774 18.774
  Volume: 25623.505 A^3 (oct)
  Total mass 12629.264 amu,  Density 0.818 g/cc
  Added 693 residues.
Checking Unit.
Building topology.
Building atom parameters.
Building bond parameters.
Building angle parameters.
Building proper torsion parameters.
Building improper torsion parameters.
 total 4 improper torsions applied
Building H-Bond parameters.
Incorporating Non-Bonded adjustments.
Not Marking per-residue atom chain types.
Marking per-residue atom chain types.
  (Residues lacking connect0/connect1 - 
   these don't have chain types marked:

	res	total affected

	WAT	693
  )
 (no restraints)
	Quit

Exiting LEaP: Errors = 0; Warnings = 0; Notes = 0.

#====> Command took 8.58 seconds.

Running: wsl bash -c "mkdir -p '/mnt/c/Users/mehr/Documents/md_project/alanine_md_2' && cd '/mnt/c/Users/mehr/Documents/md_project/alanine_md_2' && source ~/miniconda3/etc/profile.d/conda.sh && conda activate AmberTools25 && sander -O -i 01_Min.in -o 01_Min.out -p parm7 -c rst7 -r 01_Min.ncrst -inf 01_Min.mdinfo"

#====> Command took 55.54 seconds.

Running: wsl bash -c "mkdir -p '/mnt/c/Users/mehr/Documents/md_project/alanine_md_2' && cd '/mnt/c/Users/mehr/Documents/md_project/alanine_md_2' && source ~/miniconda3/etc/profile.d/conda.sh && conda activate AmberTools25 && sander -O -i 02_Heat.in -o 02_Heat.out -p parm7 -c 01_Min.ncrst -r 02_Heat.ncrst -x 02_Heat.nc -inf 02_Heat.mdinfo"

#====> Command took 95.23 seconds.

Running: wsl bash -c "mkdir -p '/mnt/c/Users/mehr/Documents/md_project/alanine_md_2' && cd '/mnt/c/Users/mehr/Documents/md_project/alanine_md_2' && source ~/miniconda3/etc/profile.d/conda.sh && conda activate AmberTools25 && sander -O -i 03_Prod.in -o 03_Prod.out -p parm7 -c 02_Heat.ncrst -r 03_Prod.ncrst -x 03_Prod.nc -inf 03_Prod.mdinfo"

#====> Command took 59936.44 seconds.

Running: wsl bash -c "mkdir -p '/mnt/c/Users/mehr/Documents/md_project/alanine_md_2' && cd '/mnt/c/Users/mehr/Documents/md_project/alanine_md_2' && source ~/miniconda3/etc/profile.d/conda.sh && conda activate AmberTools25 && cpptraj -p parm7 -i rmsd.cpptraj"

CPPTRAJ: Trajectory Analysis. V6.18.1 (AmberTools)
    ___  ___  ___  ___
     | \/ | \/ | \/ | 
    _|_/\_|_/\_|_/\_|_

| Date/time: 06/12/25 19:47:23
| Available memory: 23.915 GB

	Reading 'parm7' as Amber Topology
	Radius Set: modified Bondi radii (mbondi)
INPUT: Reading input from 'rmsd.cpptraj'
  [trajin 02_Heat.nc]
	Reading '02_Heat.nc' as Amber NetCDF
  [trajin 03_Prod.nc]
	Reading '03_Prod.nc' as Amber NetCDF
  [reference 01_Min.ncrst]
	Reading '01_Min.ncrst' as Amber NC Restart
	Setting active reference for distance-based masks: '01_Min.ncrst'
  [autoimage]
    AUTOIMAGE: To box center based on center of mass, anchor is first molecule.
  [center :1-3 mass origin]
    CENTER: Centering coordinates using center of mass of atoms in mask (:1-3) to
	coordinate origin.
  [image origin center]
    IMAGE: By molecule to origin based on center of mass using all atoms
  [rms reference mass out 02_03.rms time 2.0 :2]
    RMSD: (:2), reference is "ACE" (:2), mass-weighted.
	Best-fit RMSD will be calculated, coords will be rotated and translated.
---------- RUN BEGIN -------------------------------------------------

PARAMETER FILES (1 total):
 0: parm7, 2101 atoms, 696 res, box: Truncated octahedron, 694 mol, 693 solvent

INPUT TRAJECTORIES (2 total):
 0: '02_Heat.nc' is a NetCDF (NetCDF3) AMBER trajectory with coordinates, time, box, Parm parm7 (Truncated octahedron box) (reading 100 of 100)
 1: '03_Prod.nc' is a NetCDF (NetCDF3) AMBER trajectory with coordinates, time, box, Parm parm7 (Truncated octahedron box) (reading 50000 of 50000)
  Coordinate processing will occur on 50100 frames.

REFERENCE FRAMES (1 total):
    0: 01_Min.ncrst:1
	Active reference frame for distance-based masks is 'ACE'

BEGIN TRAJECTORY PROCESSING:
.....................................................
ACTION SETUP FOR PARM 'parm7' (4 actions):
  0: [autoimage]
	Original box is truncated octahedron, turning on 'familiar'.
	Using first molecule as anchor.
	693 molecules are mobile.
  1: [center :1-3 mass origin]
	Mask [:1-3] corresponds to 22 atoms.
  2: [image origin center]
	Mask [*] corresponds to 2101 atoms.
	Number of molecules to be imaged is 694
  3: [rms reference mass out 02_03.rms time 2.0 :2]
	Target mask: [:2](10)
	Reference topology: parm7
	Reference mask: [:2](10)
----- 02_Heat.nc (1-100, 1) -----
 0% 
----- 03_Prod.nc (1-50000, 1) -----
10% 20% 30% 40% 50% 60% 70% 80% 90% 100% Complete.

Read 50100 frames and processed 50100 frames.
TIME: Avg. throughput= 1389.9328 frames / second.

ACTION OUTPUT:
TIME: Analyses took 0.0000 seconds.

DATASETS (1 total):
	RMSD_00002 "RMSD_00002" (double, rms), size is 50100 (400.800 kB)
    Total data set memory usage is at least 400.800 kB

DATAFILES (1 total):
  02_03.rms (Standard Data File):  RMSD_00002

RUN TIMING:
TIME:		Init               : 0.0000 s (  0.00%)
TIME:		Trajectory Process : 36.0449 s ( 99.72%)
TIME:		Action Post        : 0.0000 s (  0.00%)
TIME:		Analysis           : 0.0000 s (  0.00%)
TIME:		Data File Write    : 0.1019 s (  0.28%)
TIME:		Other              : 0.0001 s (  0.00%)
TIME:	Run Total 36.1469 s
---------- RUN END ---------------------------------------------------
TIME: Total execution time: 36.5193 seconds.
--------------------------------------------------------------------------------
To cite CPPTRAJ use:
Daniel R. Roe and Thomas E. Cheatham, III, "PTRAJ and CPPTRAJ: Software for
  Processing and Analysis of Molecular Dynamics Trajectory Data". J. Chem.
  Theory Comput., 2013, 9 (7), pp 3084-3095.


#====> Command took 38.04 seconds.

#====> All steps completed.